<?xml version="1.0" encoding="UTF-8"?>
<TestRun id="87d6e3c1-1e72-4b7b-9424-c08e22406de5" name="erose@DT-DELL4H5VKM1 2011-09-20 16:24:47" runUser="AM\erose" xmlns="http://microsoft.com/schemas/VisualStudio/TeamTest/2010">
  <TestSettings name="Default Test Settings" id="ef1dc3be-adfb-45b0-95ee-1a454b62d102">
    <Execution>
      <TestTypeSpecific />
      <AgentRule name="Execution Agents">
      </AgentRule>
    </Execution>
    <Deployment runDeploymentRoot="erose_DT-DELL4H5VKM1 2011-09-20 16_24_47" />
  </TestSettings>
  <Times creation="2011-09-20T16:24:47.5553917-04:00" queuing="2011-09-20T16:24:47.9823917-04:00" start="2011-09-20T16:24:48.0603917-04:00" finish="2011-09-20T16:24:48.6103917-04:00" />
  <ResultSummary outcome="Failed">
    <Counters total="2" executed="2" passed="1" error="0" failed="1" timeout="0" aborted="0" inconclusive="0" passedButRunAborted="0" notRunnable="0" notExecuted="0" disconnected="0" warning="0" completed="0" inProgress="0" pending="0" />
  </ResultSummary>
  <TestDefinitions>
    <UnitTest name="TestShouldPass" storage="testproject1.dll" id="3173bded-40be-4a2f-5dad-f66f9323782c">
      <Execution id="9cd0163f-40ee-4560-a3a9-84c4f96b4173" />
      <TestMethod codeBase="C:/Users/erose/Documents/Visual Studio 2010/Projects/ClassLibrary1/TestProject1/bin/Debug/TestProject1.dll" adapterTypeName="Microsoft.VisualStudio.TestTools.TestTypes.Unit.UnitTestAdapter, Microsoft.VisualStudio.QualityTools.Tips.UnitTest.Adapter, Version=10.0.0.0, Culture=neutral, PublicKeyToken=b03f5f7f11d50a3a" className="TestProject1.UnitTest1, TestProject1, Version=1.0.0.0, Culture=neutral, PublicKeyToken=null" name="TestShouldPass" />
    </UnitTest>
    <UnitTest name="TestShouldFail" storage="testproject1.dll" id="4fd65194-9063-b360-c11e-82c5f4993f7c">
      <Execution id="5eead1be-229f-46bd-b0c4-2eb33afb97d1" />
      <TestMethod codeBase="C:/Users/erose/Documents/Visual Studio 2010/Projects/ClassLibrary1/TestProject1/bin/Debug/TestProject1.dll" adapterTypeName="Microsoft.VisualStudio.TestTools.TestTypes.Unit.UnitTestAdapter, Microsoft.VisualStudio.QualityTools.Tips.UnitTest.Adapter, Version=10.0.0.0, Culture=neutral, PublicKeyToken=b03f5f7f11d50a3a" className="TestProject1.UnitTest1, TestProject1, Version=1.0.0.0, Culture=neutral, PublicKeyToken=null" name="TestShouldFail" />
    </UnitTest>
  </TestDefinitions>
  <TestLists>
    <TestList name="Results Not in a List" id="8c84fa94-04c1-424b-9868-57a2d4851a1d" />
    <TestList name="All Loaded Results" id="19431567-8539-422a-85d7-44ee4e166bda" />
  </TestLists>
  <TestEntries>
    <TestEntry testId="4fd65194-9063-b360-c11e-82c5f4993f7c" executionId="5eead1be-229f-46bd-b0c4-2eb33afb97d1" testListId="8c84fa94-04c1-424b-9868-57a2d4851a1d" />
    <TestEntry testId="3173bded-40be-4a2f-5dad-f66f9323782c" executionId="9cd0163f-40ee-4560-a3a9-84c4f96b4173" testListId="8c84fa94-04c1-424b-9868-57a2d4851a1d" />
  </TestEntries>
  <Results>
    <UnitTestResult executionId="5eead1be-229f-46bd-b0c4-2eb33afb97d1" testId="4fd65194-9063-b360-c11e-82c5f4993f7c" testName="TestShouldFail" computerName="DT-DELL4H5VKM1" duration="00:00:00.1697320" startTime="2011-09-20T16:24:48.0773917-04:00" endTime="2011-09-20T16:24:48.5383917-04:00" testType="13cdc9d9-ddb5-4fa4-a97d-d965ccfc6d4b" outcome="Failed" testListId="8c84fa94-04c1-424b-9868-57a2d4851a1d" relativeResultsDirectory="5eead1be-229f-46bd-b0c4-2eb33afb97d1">
      <Output>
        <ErrorInfo>
          <Message>Assert.IsTrue failed. </Message>
          <StackTrace>   at TestProject1.UnitTest1.TestShouldFail() in C:\Users\erose\Documents\Visual Studio 2010\Projects\ClassLibrary1\TestProject1\UnitTest1.cs:line 25
</StackTrace>
        </ErrorInfo>
      </Output>
    </UnitTestResult>
    <UnitTestResult executionId="9cd0163f-40ee-4560-a3a9-84c4f96b4173" testId="3173bded-40be-4a2f-5dad-f66f9323782c" testName="TestShouldPass" computerName="DT-DELL4H5VKM1" duration="00:00:00.0046621" startTime="2011-09-20T16:24:48.5533917-04:00" endTime="2011-09-20T16:24:48.5623917-04:00" testType="13cdc9d9-ddb5-4fa4-a97d-d965ccfc6d4b" outcome="Passed" testListId="8c84fa94-04c1-424b-9868-57a2d4851a1d" relativeResultsDirectory="9cd0163f-40ee-4560-a3a9-84c4f96b4173">
    </UnitTestResult>
  </Results>
</TestRun>